#
# There is insufficient memory for the Java Runtime Environment to continue.
# Native memory allocation (malloc) failed to allocate 2097152 bytes for AllocateHeap
# Possible reasons:
#   The system is out of physical RAM or swap space
#   The process is running with CompressedOops enabled, and the Java Heap may be blocking the growth of the native heap
# Possible solutions:
#   Reduce memory load on the system
#   Increase physical memory or swap space
#   Check if swap backing store is full
#   Decrease Java heap size (-Xmx/-Xms)
#   Decrease number of Java threads
#   Decrease Java thread stack sizes (-Xss)
#   Set larger code cache with -XX:ReservedCodeCacheSize=
#   JVM is running with Unscaled Compressed Oops mode in which the Java heap is
#     placed in the first 4GB address space. The Java Heap base address is the
#     maximum limit for the native heap growth. Please use -XX:HeapBaseMinAddress
#     to set the Java Heap base and to place the Java Heap above 4GB virtual address.
# This output file may be truncated or incomplete.
#
#  Out of Memory Error (allocation.cpp:44), pid=8864, tid=25136
#
# JRE version: OpenJDK Runtime Environment Temurin-17.0.9+9 (17.0.9+9) (build 17.0.9+9)
# Java VM: OpenJDK 64-Bit Server VM Temurin-17.0.9+9 (17.0.9+9, mixed mode, emulated-client, tiered, compressed oops, compressed class ptrs, g1 gc, windows-amd64)
# No core dump will be written. Minidumps are not enabled by default on client versions of Windows
#

---------------  S U M M A R Y ------------

Command Line: -XX:+HeapDumpOnOutOfMemoryError -Xmx1024m -Dsts.lsp.client=vscode -Dsts.log.file=/dev/null -XX:TieredStopAtLevel=1 -Xlog:jni+resolve=off -Dspring.config.location=file:c:\Users\djroh\.vscode\extensions\vmware.vscode-spring-boot-1.51.0\language-server\BOOT-INF\classes\application.properties org.springframework.ide.vscode.boot.app.BootLanguageServerBootApp

Host: AMD Ryzen 5 4600H with Radeon Graphics         , 12 cores, 7G,  Windows 11 , 64 bit Build 23550 (10.0.23550.1000)
Time: Sat Jan  6 17:04:14 2024 Sri Lanka Standard Time elapsed time: 14910.356420 seconds (0d 4h 8m 30s)

---------------  T H R E A D  ---------------

Current thread (0x0000022a250b2580):  VMThread "VM Thread" [stack: 0x000000ef91800000,0x000000ef91900000] [id=25136]

Stack: [0x000000ef91800000,0x000000ef91900000]
Native frames: (J=compiled Java code, j=interpreted, Vv=VM code, C=native code)
V  [jvm.dll+0x67cf49]
V  [jvm.dll+0x83478a]
V  [jvm.dll+0x83624e]
V  [jvm.dll+0x8368b3]
V  [jvm.dll+0x247f1f]
V  [jvm.dll+0xa6b4b]
V  [jvm.dll+0x2f8f01]
V  [jvm.dll+0x2f4af0]
V  [jvm.dll+0x2dd0d7]
V  [jvm.dll+0x320357]
V  [jvm.dll+0x83adab]
V  [jvm.dll+0x83baf1]
V  [jvm.dll+0x83c00d]
V  [jvm.dll+0x83c3e4]
V  [jvm.dll+0x83c4b0]
V  [jvm.dll+0x7e3c3a]
V  [jvm.dll+0x67be35]
C  [ucrtbase.dll+0x29363]
C  [KERNEL32.DLL+0x126ad]
C  [ntdll.dll+0x5aa78]

VM_Operation (0x000000ef932fec40): G1CollectFull, mode: safepoint, requested by thread 0x0000022a253f8080


---------------  P R O C E S S  ---------------

Threads class SMR info:
_java_thread_list=0x0000022a2b740080, length=29, elements={
0x0000022a250c7380, 0x0000022a250c7e50, 0x0000022a250fda20, 0x0000022a250fe2f0,
0x0000022a2523d020, 0x0000022a2523d500, 0x0000022a2523de80, 0x0000022a252427b0,
0x0000022a254434d0, 0x0000022a2544b9e0, 0x0000022a25306940, 0x0000022a253f8080,
0x0000022a25ca4060, 0x0000022a19e51ec0, 0x0000022a253ba140, 0x0000022a25c32880,
0x0000022a2ac3c420, 0x0000022a2ac628d0, 0x0000022a2a9de410, 0x0000022a2a9dcfd0,
0x0000022a2a9dd9f0, 0x0000022a2a9de920, 0x0000022a2b7933c0, 0x0000022a2b793de0,
0x0000022a2b7942f0, 0x0000022a2b78f1f0, 0x0000022a2b7929a0, 0x0000022a2b790120,
0x0000022a2b78e7d0
}

Java Threads: ( => current thread )
  0x0000022a250c7380 JavaThread "Reference Handler" daemon [_thread_blocked, id=15892, stack(0x000000ef91900000,0x000000ef91a00000)]
  0x0000022a250c7e50 JavaThread "Finalizer" daemon [_thread_blocked, id=21052, stack(0x000000ef91a00000,0x000000ef91b00000)]
  0x0000022a250fda20 JavaThread "Signal Dispatcher" daemon [_thread_blocked, id=13184, stack(0x000000ef91b00000,0x000000ef91c00000)]
  0x0000022a250fe2f0 JavaThread "Attach Listener" daemon [_thread_blocked, id=19708, stack(0x000000ef91c00000,0x000000ef91d00000)]
  0x0000022a2523d020 JavaThread "Service Thread" daemon [_thread_blocked, id=16604, stack(0x000000ef91d00000,0x000000ef91e00000)]
  0x0000022a2523d500 JavaThread "Monitor Deflation Thread" daemon [_thread_blocked, id=28144, stack(0x000000ef91e00000,0x000000ef91f00000)]
  0x0000022a2523de80 JavaThread "C1 CompilerThread0" daemon [_thread_blocked, id=17904, stack(0x000000ef91f00000,0x000000ef92000000)]
  0x0000022a252427b0 JavaThread "Sweeper thread" daemon [_thread_blocked, id=29320, stack(0x000000ef92000000,0x000000ef92100000)]
  0x0000022a254434d0 JavaThread "Notification Thread" daemon [_thread_blocked, id=11604, stack(0x000000ef92200000,0x000000ef92300000)]
  0x0000022a2544b9e0 JavaThread "Common-Cleaner" daemon [_thread_blocked, id=18044, stack(0x000000ef92400000,0x000000ef92500000)]
  0x0000022a25306940 JavaThread "boundedElastic-evictor-1" daemon [_thread_blocked, id=2788, stack(0x000000ef93100000,0x000000ef93200000)]
  0x0000022a253f8080 JavaThread "pool-12-thread-1" [_thread_blocked, id=10268, stack(0x000000ef93200000,0x000000ef93300000)]
  0x0000022a25ca4060 JavaThread "LanguageServerApp-lifecycle" [_thread_blocked, id=26796, stack(0x000000ef93300000,0x000000ef93400000)]
  0x0000022a19e51ec0 JavaThread "DestroyJavaVM" [_thread_blocked, id=17024, stack(0x000000ef91200000,0x000000ef91300000)]
  0x0000022a253ba140 JavaThread "pool-13-thread-1" [_thread_in_native, id=6188, stack(0x000000ef93400000,0x000000ef93500000)]
  0x0000022a25c32880 JavaThread "Simple-Language-Server main thread" daemon [_thread_blocked, id=24828, stack(0x000000ef93500000,0x000000ef93600000)]
  0x0000022a2ac3c420 JavaThread "parallel-1" daemon [_thread_blocked, id=27060, stack(0x000000ef93600000,0x000000ef93700000)]
  0x0000022a2ac628d0 JavaThread "pool-6-thread-1" [_thread_blocked, id=18856, stack(0x000000ef93700000,0x000000ef93800000)]
  0x0000022a2a9de410 JavaThread "parallel-2" daemon [_thread_blocked, id=28640, stack(0x000000ef93800000,0x000000ef93900000)]
  0x0000022a2a9dcfd0 JavaThread "parallel-3" daemon [_thread_blocked, id=24392, stack(0x000000ef93900000,0x000000ef93a00000)]
  0x0000022a2a9dd9f0 JavaThread "parallel-4" daemon [_thread_blocked, id=19240, stack(0x000000ef93a00000,0x000000ef93b00000)]
  0x0000022a2a9de920 JavaThread "parallel-5" daemon [_thread_blocked, id=11020, stack(0x000000ef93b00000,0x000000ef93c00000)]
  0x0000022a2b7933c0 JavaThread "parallel-6" daemon [_thread_blocked, id=8708, stack(0x000000ef94600000,0x000000ef94700000)]
  0x0000022a2b793de0 JavaThread "parallel-7" daemon [_thread_blocked, id=21992, stack(0x000000ef94700000,0x000000ef94800000)]
  0x0000022a2b7942f0 JavaThread "parallel-8" daemon [_thread_blocked, id=20672, stack(0x000000ef90f00000,0x000000ef91000000)]
  0x0000022a2b78f1f0 JavaThread "parallel-9" daemon [_thread_blocked, id=1408, stack(0x000000ef91100000,0x000000ef91200000)]
  0x0000022a2b7929a0 JavaThread "parallel-10" daemon [_thread_blocked, id=26132, stack(0x000000ef92100000,0x000000ef92200000)]
  0x0000022a2b790120 JavaThread "parallel-11" daemon [_thread_blocked, id=1456, stack(0x000000ef93c00000,0x000000ef93d00000)]
  0x0000022a2b78e7d0 JavaThread "parallel-12" daemon [_thread_blocked, id=6180, stack(0x000000ef93d00000,0x000000ef93e00000)]

Other Threads:
=>0x0000022a250b2580 VMThread "VM Thread" [stack: 0x000000ef91800000,0x000000ef91900000] [id=25136]
  0x0000022a25440d50 WatcherThread [stack: 0x000000ef92300000,0x000000ef92400000] [id=12244]
  0x0000022a19e906a0 GCTaskThread "GC Thread#0" [stack: 0x000000ef91300000,0x000000ef91400000] [id=24212]
  0x0000022a2a0ef150 GCTaskThread "GC Thread#1" [stack: 0x000000ef92500000,0x000000ef92600000] [id=29116]
  0x0000022a2a139ae0 GCTaskThread "GC Thread#2" [stack: 0x000000ef92600000,0x000000ef92700000] [id=21660]
  0x0000022a25d54020 GCTaskThread "GC Thread#3" [stack: 0x000000ef92700000,0x000000ef92800000] [id=28372]
  0x0000022a2a1e2c70 GCTaskThread "GC Thread#4" [stack: 0x000000ef92800000,0x000000ef92900000] [id=23968]
  0x0000022a2a333280 GCTaskThread "GC Thread#5" [stack: 0x000000ef92900000,0x000000ef92a00000] [id=24612]
  0x0000022a2a4f9c50 GCTaskThread "GC Thread#6" [stack: 0x000000ef92b00000,0x000000ef92c00000] [id=29676]
  0x0000022a2a4fa320 GCTaskThread "GC Thread#7" [stack: 0x000000ef92c00000,0x000000ef92d00000] [id=9348]
  0x0000022a2a4fa9f0 GCTaskThread "GC Thread#8" [stack: 0x000000ef92d00000,0x000000ef92e00000] [id=25556]
  0x0000022a2a575c30 GCTaskThread "GC Thread#9" [stack: 0x000000ef92e00000,0x000000ef92f00000] [id=16620]
  0x0000022a19e99660 ConcurrentGCThread "G1 Main Marker" [stack: 0x000000ef91400000,0x000000ef91500000] [id=4344]
  0x0000022a19e99f90 ConcurrentGCThread "G1 Conc#0" [stack: 0x000000ef91500000,0x000000ef91600000] [id=19072]
  0x0000022a2a5d1c30 ConcurrentGCThread "G1 Conc#1" [stack: 0x000000ef92f00000,0x000000ef93000000] [id=1840]
  0x0000022a2a5d86b0 ConcurrentGCThread "G1 Conc#2" [stack: 0x000000ef93000000,0x000000ef93100000] [id=20164]
  0x0000022a24f220b0 ConcurrentGCThread "G1 Refine#0" [stack: 0x000000ef91600000,0x000000ef91700000] [id=21472]
  0x0000022a24f22890 ConcurrentGCThread "G1 Service" [stack: 0x000000ef91700000,0x000000ef91800000] [id=13080]

Threads with active compile tasks:

VM state: at safepoint (normal execution)

VM Mutex/Monitor currently owned by a thread:  ([mutex/lock_event])
[0x0000022a17cc1840] Threads_lock - owner thread: 0x0000022a250b2580
[0x0000022a19e4f8a0] Heap_lock - owner thread: 0x0000022a253f8080

Heap address: 0x00000000c0000000, size: 1024 MB, Compressed Oops mode: 32-bit

CDS archive(s) not mapped
Compressed class space mapped at: 0x0000000100000000-0x0000000140000000, reserved size: 1073741824
Narrow klass base: 0x0000000000000000, Narrow klass shift: 3, Narrow klass range: 0x140000000

GC Precious Log:
 CPUs: 12 total, 12 available
 Memory: 7579M
 Large Page Support: Disabled
 NUMA Support: Disabled
 Compressed Oops: Enabled (32-bit)
 Heap Region Size: 1M
 Heap Min Capacity: 8M
 Heap Initial Capacity: 120M
 Heap Max Capacity: 1G
 Pre-touch: Disabled
 Parallel Workers: 10
 Concurrent Workers: 3
 Concurrent Refinement Workers: 10
 Periodic GC: Disabled

Heap:
 garbage-first heap   total 96256K, used 27822K [0x00000000c0000000, 0x0000000100000000)
  region size 1024K, 1 young (1024K), 0 survivors (0K)
 Metaspace       used 57599K, committed 58112K, reserved 1114112K
  class space    used 7113K, committed 7360K, reserved 1048576K

Heap Regions: E=young(eden), S=young(survivor), O=old, HS=humongous(starts), HC=humongous(continues), CS=collection set, F=free, OA=open archive, CA=closed archive, TAMS=top-at-mark-start (previous, next)
|   0|0x00000000c0000000, 0x00000000c0100000, 0x00000000c0100000|100%|HS|  |TAMS 0x00000000c0100000, 0x00000000c0000000| Untracked 
|   1|0x00000000c0100000, 0x00000000c0200000, 0x00000000c0200000|100%|HC|  |TAMS 0x00000000c0200000, 0x00000000c0100000| Untracked 
|   2|0x00000000c0200000, 0x00000000c0300000, 0x00000000c0300000|100%|HC|  |TAMS 0x00000000c0300000, 0x00000000c0200000| Untracked 
|   3|0x00000000c0300000, 0x00000000c0400000, 0x00000000c0400000|100%|HC|  |TAMS 0x00000000c0400000, 0x00000000c0300000| Untracked 
|   4|0x00000000c0400000, 0x00000000c04ffff8, 0x00000000c0500000| 99%| O|  |TAMS 0x00000000c04ffff8, 0x00000000c0400000| Untracked 
|   5|0x00000000c0500000, 0x00000000c0600000, 0x00000000c0600000|100%| O|  |TAMS 0x00000000c0600000, 0x00000000c0500000| Untracked 
|   6|0x00000000c0600000, 0x00000000c0700000, 0x00000000c0700000|100%| O|  |TAMS 0x00000000c0700000, 0x00000000c0600000| Untracked 
|   7|0x00000000c0700000, 0x00000000c0800000, 0x00000000c0800000|100%| O|  |TAMS 0x00000000c0800000, 0x00000000c0700000| Untracked 
|   8|0x00000000c0800000, 0x00000000c0900000, 0x00000000c0900000|100%| O|  |TAMS 0x00000000c0900000, 0x00000000c0800000| Untracked 
|   9|0x00000000c0900000, 0x00000000c0a00000, 0x00000000c0a00000|100%| O|  |TAMS 0x00000000c0a00000, 0x00000000c0900000| Untracked 
|  10|0x00000000c0a00000, 0x00000000c0afffe8, 0x00000000c0b00000| 99%| O|  |TAMS 0x00000000c0afffe8, 0x00000000c0a00000| Untracked 
|  11|0x00000000c0b00000, 0x00000000c0c00000, 0x00000000c0c00000|100%| O|  |TAMS 0x00000000c0c00000, 0x00000000c0b00000| Untracked 
|  12|0x00000000c0c00000, 0x00000000c0d00000, 0x00000000c0d00000|100%| O|  |TAMS 0x00000000c0d00000, 0x00000000c0c00000| Untracked 
|  13|0x00000000c0d00000, 0x00000000c0dffff8, 0x00000000c0e00000| 99%| O|  |TAMS 0x00000000c0dffff8, 0x00000000c0d00000| Untracked 
|  14|0x00000000c0e00000, 0x00000000c0effff8, 0x00000000c0f00000| 99%| O|  |TAMS 0x00000000c0effff8, 0x00000000c0e00000| Untracked 
|  15|0x00000000c0f00000, 0x00000000c0ffffe0, 0x00000000c1000000| 99%| O|  |TAMS 0x00000000c0ffffe0, 0x00000000c0f00000| Untracked 
|  16|0x00000000c1000000, 0x00000000c10fffb8, 0x00000000c1100000| 99%| O|  |TAMS 0x00000000c10fffb8, 0x00000000c1000000| Untracked 
|  17|0x00000000c1100000, 0x00000000c11fffc0, 0x00000000c1200000| 99%| O|  |TAMS 0x00000000c11fffc0, 0x00000000c1100000| Untracked 
|  18|0x00000000c1200000, 0x00000000c12ffff8, 0x00000000c1300000| 99%| O|  |TAMS 0x00000000c12ffff8, 0x00000000c1200000| Untracked 
|  19|0x00000000c1300000, 0x00000000c1400000, 0x00000000c1400000|100%| O|  |TAMS 0x00000000c1400000, 0x00000000c1300000| Untracked 
|  20|0x00000000c1400000, 0x00000000c14ffff0, 0x00000000c1500000| 99%| O|  |TAMS 0x00000000c14ffff0, 0x00000000c1400000| Untracked 
|  21|0x00000000c1500000, 0x00000000c1600000, 0x00000000c1600000|100%| O|  |TAMS 0x00000000c1600000, 0x00000000c1500000| Untracked 
|  22|0x00000000c1600000, 0x00000000c1700000, 0x00000000c1700000|100%| O|  |TAMS 0x00000000c1700000, 0x00000000c1600000| Untracked 
|  23|0x00000000c1700000, 0x00000000c17ffff8, 0x00000000c1800000| 99%| O|  |TAMS 0x00000000c17ffff8, 0x00000000c1700000| Untracked 
|  24|0x00000000c1800000, 0x00000000c18ffc10, 0x00000000c1900000| 99%| O|  |TAMS 0x00000000c18ffc10, 0x00000000c1800000| Untracked 
|  25|0x00000000c1900000, 0x00000000c1a00000, 0x00000000c1a00000|100%| O|  |TAMS 0x00000000c1a00000, 0x00000000c1900000| Untracked 
|  26|0x00000000c1a00000, 0x00000000c1aff4a0, 0x00000000c1b00000| 99%| O|  |TAMS 0x00000000c1aff4a0, 0x00000000c1a00000| Untracked 
|  27|0x00000000c1b00000, 0x00000000c1b2c8b0, 0x00000000c1c00000| 17%| O|  |TAMS 0x00000000c1b00000, 0x00000000c1b00000| Untracked 
|  28|0x00000000c1c00000, 0x00000000c1c00068, 0x00000000c1d00000|  0%| O|  |TAMS 0x00000000c1c00000, 0x00000000c1c00000| Untracked 
|  29|0x00000000c1d00000, 0x00000000c1d00000, 0x00000000c1e00000|  0%| F|  |TAMS 0x00000000c1d00000, 0x00000000c1d00000| Untracked 
|  30|0x00000000c1e00000, 0x00000000c1e00000, 0x00000000c1f00000|  0%| F|  |TAMS 0x00000000c1e00000, 0x00000000c1e00000| Untracked 
|  31|0x00000000c1f00000, 0x00000000c1f00000, 0x00000000c2000000|  0%| F|  |TAMS 0x00000000c1f00000, 0x00000000c1f00000| Untracked 
|  32|0x00000000c2000000, 0x00000000c2000000, 0x00000000c2100000|  0%| F|  |TAMS 0x00000000c2000000, 0x00000000c2000000| Untracked 
|  33|0x00000000c2100000, 0x00000000c2100000, 0x00000000c2200000|  0%| F|  |TAMS 0x00000000c2100000, 0x00000000c2100000| Untracked 
|  34|0x00000000c2200000, 0x00000000c2200000, 0x00000000c2300000|  0%| F|  |TAMS 0x00000000c2200000, 0x00000000c2200000| Untracked 
|  35|0x00000000c2300000, 0x00000000c2300000, 0x00000000c2400000|  0%| F|  |TAMS 0x00000000c2300000, 0x00000000c2300000| Untracked 
|  36|0x00000000c2400000, 0x00000000c2400000, 0x00000000c2500000|  0%| F|  |TAMS 0x00000000c2400000, 0x00000000c2400000| Untracked 
|  37|0x00000000c2500000, 0x00000000c2500000, 0x00000000c2600000|  0%| F|  |TAMS 0x00000000c2500000, 0x00000000c2500000| Untracked 
|  38|0x00000000c2600000, 0x00000000c2600000, 0x00000000c2700000|  0%| F|  |TAMS 0x00000000c2600000, 0x00000000c2600000| Untracked 
|  39|0x00000000c2700000, 0x00000000c2700000, 0x00000000c2800000|  0%| F|  |TAMS 0x00000000c2700000, 0x00000000c2700000| Untracked 
|  40|0x00000000c2800000, 0x00000000c2800000, 0x00000000c2900000|  0%| F|  |TAMS 0x00000000c2800000, 0x00000000c2800000| Untracked 
|  41|0x00000000c2900000, 0x00000000c2900000, 0x00000000c2a00000|  0%| F|  |TAMS 0x00000000c2900000, 0x00000000c2900000| Untracked 
|  42|0x00000000c2a00000, 0x00000000c2a00000, 0x00000000c2b00000|  0%| F|  |TAMS 0x00000000c2a00000, 0x00000000c2a00000| Untracked 
|  43|0x00000000c2b00000, 0x00000000c2b00000, 0x00000000c2c00000|  0%| F|  |TAMS 0x00000000c2b00000, 0x00000000c2b00000| Untracked 
|  44|0x00000000c2c00000, 0x00000000c2c00000, 0x00000000c2d00000|  0%| F|  |TAMS 0x00000000c2c00000, 0x00000000c2c00000| Untracked 
|  45|0x00000000c2d00000, 0x00000000c2d00000, 0x00000000c2e00000|  0%| F|  |TAMS 0x00000000c2d00000, 0x00000000c2d00000| Untracked 
|  46|0x00000000c2e00000, 0x00000000c2e00000, 0x00000000c2f00000|  0%| F|  |TAMS 0x00000000c2e00000, 0x00000000c2e00000| Untracked 
|  47|0x00000000c2f00000, 0x00000000c2f00000, 0x00000000c3000000|  0%| F|  |TAMS 0x00000000c2f00000, 0x00000000c2f00000| Untracked 
|  48|0x00000000c3000000, 0x00000000c3000000, 0x00000000c3100000|  0%| F|  |TAMS 0x00000000c3000000, 0x00000000c3000000| Untracked 
|  49|0x00000000c3100000, 0x00000000c3100000, 0x00000000c3200000|  0%| F|  |TAMS 0x00000000c3100000, 0x00000000c3100000| Untracked 
|  50|0x00000000c3200000, 0x00000000c3200000, 0x00000000c3300000|  0%| F|  |TAMS 0x00000000c3200000, 0x00000000c3200000| Untracked 
|  51|0x00000000c3300000, 0x00000000c3300000, 0x00000000c3400000|  0%| F|  |TAMS 0x00000000c3300000, 0x00000000c3300000| Untracked 
|  52|0x00000000c3400000, 0x00000000c3400000, 0x00000000c3500000|  0%| F|  |TAMS 0x00000000c3400000, 0x00000000c3400000| Untracked 
|  53|0x00000000c3500000, 0x00000000c3500000, 0x00000000c3600000|  0%| F|  |TAMS 0x00000000c3500000, 0x00000000c3500000| Untracked 
|  54|0x00000000c3600000, 0x00000000c3600000, 0x00000000c3700000|  0%| F|  |TAMS 0x00000000c3600000, 0x00000000c3600000| Untracked 
|  55|0x00000000c3700000, 0x00000000c3700000, 0x00000000c3800000|  0%| F|  |TAMS 0x00000000c3700000, 0x00000000c3700000| Untracked 
|  56|0x00000000c3800000, 0x00000000c3800000, 0x00000000c3900000|  0%| F|  |TAMS 0x00000000c3800000, 0x00000000c3800000| Untracked 
|  57|0x00000000c3900000, 0x00000000c3900000, 0x00000000c3a00000|  0%| F|  |TAMS 0x00000000c3900000, 0x00000000c3900000| Untracked 
|  58|0x00000000c3a00000, 0x00000000c3a00000, 0x00000000c3b00000|  0%| F|  |TAMS 0x00000000c3a00000, 0x00000000c3a00000| Untracked 
|  59|0x00000000c3b00000, 0x00000000c3b00000, 0x00000000c3c00000|  0%| F|  |TAMS 0x00000000c3b00000, 0x00000000c3b00000| Untracked 
|  60|0x00000000c3c00000, 0x00000000c3c00000, 0x00000000c3d00000|  0%| F|  |TAMS 0x00000000c3c00000, 0x00000000c3c00000| Untracked 
|  61|0x00000000c3d00000, 0x00000000c3d00000, 0x00000000c3e00000|  0%| F|  |TAMS 0x00000000c3d00000, 0x00000000c3d00000| Untracked 
|  62|0x00000000c3e00000, 0x00000000c3e00000, 0x00000000c3f00000|  0%| F|  |TAMS 0x00000000c3e00000, 0x00000000c3e00000| Untracked 
|  63|0x00000000c3f00000, 0x00000000c3f00000, 0x00000000c4000000|  0%| F|  |TAMS 0x00000000c3f00000, 0x00000000c3f00000| Untracked 
|  64|0x00000000c4000000, 0x00000000c4000000, 0x00000000c4100000|  0%| F|  |TAMS 0x00000000c4000000, 0x00000000c4000000| Untracked 
|  65|0x00000000c4100000, 0x00000000c4100000, 0x00000000c4200000|  0%| F|  |TAMS 0x00000000c4100000, 0x00000000c4100000| Untracked 
|  66|0x00000000c4200000, 0x00000000c4200000, 0x00000000c4300000|  0%| F|  |TAMS 0x00000000c4200000, 0x00000000c4200000| Untracked 
|  67|0x00000000c4300000, 0x00000000c4300000, 0x00000000c4400000|  0%| F|  |TAMS 0x00000000c4300000, 0x00000000c4300000| Untracked 
|  68|0x00000000c4400000, 0x00000000c4400000, 0x00000000c4500000|  0%| F|  |TAMS 0x00000000c4400000, 0x00000000c4400000| Untracked 
|  69|0x00000000c4500000, 0x00000000c4500000, 0x00000000c4600000|  0%| F|  |TAMS 0x00000000c4500000, 0x00000000c4500000| Untracked 
|  70|0x00000000c4600000, 0x00000000c4600000, 0x00000000c4700000|  0%| F|  |TAMS 0x00000000c4600000, 0x00000000c4600000| Untracked 
|  71|0x00000000c4700000, 0x00000000c4700000, 0x00000000c4800000|  0%| F|  |TAMS 0x00000000c4700000, 0x00000000c4700000| Untracked 
|  72|0x00000000c4800000, 0x00000000c4800000, 0x00000000c4900000|  0%| F|  |TAMS 0x00000000c4800000, 0x00000000c4800000| Untracked 
|  73|0x00000000c4900000, 0x00000000c4900000, 0x00000000c4a00000|  0%| F|  |TAMS 0x00000000c4900000, 0x00000000c4900000| Untracked 
|  74|0x00000000c4a00000, 0x00000000c4a00000, 0x00000000c4b00000|  0%| F|  |TAMS 0x00000000c4a00000, 0x00000000c4a00000| Untracked 
|  75|0x00000000c4b00000, 0x00000000c4b00000, 0x00000000c4c00000|  0%| F|  |TAMS 0x00000000c4b00000, 0x00000000c4b00000| Untracked 
|  76|0x00000000c4c00000, 0x00000000c4c00000, 0x00000000c4d00000|  0%| F|  |TAMS 0x00000000c4c00000, 0x00000000c4c00000| Untracked 
|  77|0x00000000c4d00000, 0x00000000c4d00000, 0x00000000c4e00000|  0%| F|  |TAMS 0x00000000c4d00000, 0x00000000c4d00000| Untracked 
|  78|0x00000000c4e00000, 0x00000000c4e00000, 0x00000000c4f00000|  0%| F|  |TAMS 0x00000000c4e00000, 0x00000000c4e00000| Untracked 
|  79|0x00000000c4f00000, 0x00000000c4f00000, 0x00000000c5000000|  0%| F|  |TAMS 0x00000000c4f00000, 0x00000000c4f00000| Untracked 
|  80|0x00000000c5000000, 0x00000000c5000000, 0x00000000c5100000|  0%| F|  |TAMS 0x00000000c5000000, 0x00000000c5000000| Untracked 
|  81|0x00000000c5100000, 0x00000000c5100000, 0x00000000c5200000|  0%| F|  |TAMS 0x00000000c5100000, 0x00000000c5100000| Untracked 
|  82|0x00000000c5200000, 0x00000000c5200000, 0x00000000c5300000|  0%| F|  |TAMS 0x00000000c5200000, 0x00000000c5200000| Untracked 
|  83|0x00000000c5300000, 0x00000000c5300000, 0x00000000c5400000|  0%| F|  |TAMS 0x00000000c5300000, 0x00000000c5300000| Untracked 
|  84|0x00000000c5400000, 0x00000000c5400000, 0x00000000c5500000|  0%| F|  |TAMS 0x00000000c5400000, 0x00000000c5400000| Untracked 
|  85|0x00000000c5500000, 0x00000000c5500000, 0x00000000c5600000|  0%| F|  |TAMS 0x00000000c5500000, 0x00000000c5500000| Untracked 
|  86|0x00000000c5600000, 0x00000000c5600000, 0x00000000c5700000|  0%| F|  |TAMS 0x00000000c5600000, 0x00000000c5600000| Untracked 
|  87|0x00000000c5700000, 0x00000000c5700000, 0x00000000c5800000|  0%| F|  |TAMS 0x00000000c5700000, 0x00000000c5700000| Untracked 
|  88|0x00000000c5800000, 0x00000000c5800000, 0x00000000c5900000|  0%| F|  |TAMS 0x00000000c5800000, 0x00000000c5800000| Untracked 
|  89|0x00000000c5900000, 0x00000000c5900000, 0x00000000c5a00000|  0%| F|  |TAMS 0x00000000c5900000, 0x00000000c5900000| Untracked 
|  90|0x00000000c5a00000, 0x00000000c5a00000, 0x00000000c5b00000|  0%| F|  |TAMS 0x00000000c5a00000, 0x00000000c5a00000| Untracked 
|  91|0x00000000c5b00000, 0x00000000c5b00000, 0x00000000c5c00000|  0%| F|  |TAMS 0x00000000c5b00000, 0x00000000c5b00000| Untracked 
|  92|0x00000000c5c00000, 0x00000000c5c00000, 0x00000000c5d00000|  0%| F|  |TAMS 0x00000000c5c00000, 0x00000000c5c00000| Untracked 
|  93|0x00000000c5d00000, 0x00000000c5d058a8, 0x00000000c5e00000|  2%| E|  |TAMS 0x00000000c5d00000, 0x00000000c5d00000| Complete 

Card table byte_map: [0x0000022a20010000,0x0000022a20210000] _byte_map_base: 0x0000022a1fa10000

Marking Bits (Prev, Next): (CMBitMap*) 0x0000022a19e90bd0, (CMBitMap*) 0x0000022a19e90c10
 Prev Bits: [0x0000022a20410000, 0x0000022a21410000)
 Next Bits: [0x0000022a21410000, 0x0000022a22410000)

Polling page: 0x0000022a17e20000

Metaspace:

Usage:
  Non-class:     49.30 MB used.
      Class:      6.95 MB used.
       Both:     56.25 MB used.

Virtual space:
  Non-class space:       64.00 MB reserved,      49.56 MB ( 77%) committed,  1 nodes.
      Class space:        1.00 GB reserved,       7.19 MB ( <1%) committed,  1 nodes.
             Both:        1.06 GB reserved,      56.75 MB (  5%) committed. 

Chunk freelists:
   Non-Class:  14.37 MB
       Class:  8.83 MB
        Both:  23.20 MB

MaxMetaspaceSize: unlimited
CompressedClassSpaceSize: 1.00 GB
Initial GC threshold: 21.00 MB
Current GC threshold: 94.50 MB
CDS: off
MetaspaceReclaimPolicy: balanced
 - commit_granule_bytes: 65536.
 - commit_granule_words: 8192.
 - virtual_space_node_default_size: 8388608.
 - enlarge_chunks_in_place: 1.
 - new_chunks_are_fully_committed: 0.
 - uncommit_free_chunks: 1.
 - use_allocation_guard: 0.
 - handle_deallocations: 1.


Internal statistics:

num_allocs_failed_limit: 6.
num_arena_births: 642.
num_arena_deaths: 226.
num_vsnodes_births: 2.
num_vsnodes_deaths: 0.
num_space_committed: 908.
num_space_uncommitted: 0.
num_chunks_returned_to_freelist: 260.
num_chunks_taken_from_freelist: 2470.
num_chunk_merges: 83.
num_chunk_splits: 1706.
num_chunks_enlarged: 1311.
num_inconsistent_stats: 0.

CodeCache: size=49152Kb used=12719Kb max_used=13791Kb free=36432Kb
 bounds [0x0000022a1cae0000, 0x0000022a1d8e0000, 0x0000022a1fae0000]
 total_blobs=7570 nmethods=6903 adapters=594
 compilation: enabled
              stopped_count=0, restarted_count=0
 full_count=0

Compilation events (20 events):
Event: 9716.318 Thread 0x0000022a2523de80 6997       1       java.util.concurrent.ConcurrentHashMap$ValueSpliterator::forEachRemaining (35 bytes)
Event: 9716.326 Thread 0x0000022a2523de80 nmethod 6997 0x0000022a1d797410 code [0x0000022a1d7975c0, 0x0000022a1d797788]
Event: 9716.326 Thread 0x0000022a2523de80 6996       1       java.util.concurrent.ConcurrentHashMap$ValueSpliterator::<init> (16 bytes)
Event: 9716.326 Thread 0x0000022a2523de80 nmethod 6996 0x0000022a1d797110 code [0x0000022a1d7972a0, 0x0000022a1d7973a8]
Event: 12300.902 Thread 0x0000022a2523de80 6998       1       org.springframework.ide.vscode.commons.util.ListenerList::getListeners (5 bytes)
Event: 12300.927 Thread 0x0000022a2523de80 nmethod 6998 0x0000022a1d796e10 code [0x0000022a1d796fa0, 0x0000022a1d797078]
Event: 12300.927 Thread 0x0000022a2523de80 6999       1       org.springframework.ide.vscode.commons.util.BasicFileObserver$$Lambda$851/0x00000001006608b8::apply (5 bytes)
Event: 12300.929 Thread 0x0000022a2523de80 nmethod 6999 0x0000022a1d796a90 code [0x0000022a1d796c20, 0x0000022a1d796d78]
Event: 12300.929 Thread 0x0000022a2523de80 7000       1       org.springframework.ide.vscode.commons.util.BasicFileObserver::lambda$notify$3 (5 bytes)
Event: 12300.929 Thread 0x0000022a2523de80 nmethod 7000 0x0000022a1d796710 code [0x0000022a1d7968a0, 0x0000022a1d7969d8]
Event: 12300.929 Thread 0x0000022a2523de80 7001       1       org.springframework.ide.vscode.commons.util.BasicFileObserver$$Lambda$849/0x0000000100660440::accept (8 bytes)
Event: 12300.938 Thread 0x0000022a2523de80 nmethod 7001 0x0000022a1d796210 code [0x0000022a1d7963c0, 0x0000022a1d7965a8]
Event: 12300.938 Thread 0x0000022a2523de80 7002       1       org.springframework.ide.vscode.commons.util.BasicFileObserver::lambda$notify$5 (26 bytes)
Event: 12300.941 Thread 0x0000022a2523de80 nmethod 7002 0x0000022a1d795d90 code [0x0000022a1d795f40, 0x0000022a1d7960e8]
Event: 12315.575 Thread 0x0000022a2523de80 7003       1       org.eclipse.lsp4j.jsonrpc.json.JsonRpcMethod::getParameterTypes (5 bytes)
Event: 12315.587 Thread 0x0000022a2523de80 nmethod 7003 0x0000022a1d795a90 code [0x0000022a1d795c20, 0x0000022a1d795cf8]
Event: 12315.587 Thread 0x0000022a2523de80 7004       1       java.util.concurrent.CompletableFuture::postComplete (94 bytes)
Event: 12315.643 Thread 0x0000022a2523de80 nmethod 7004 0x0000022a1d793f90 code [0x0000022a1d7942c0, 0x0000022a1d795338]
Event: 12576.743 Thread 0x0000022a2523de80 7005   !   1       java.util.concurrent.CompletableFuture::uniAcceptNow (104 bytes)
Event: 12576.785 Thread 0x0000022a2523de80 nmethod 7005 0x0000022a1d793410 code [0x0000022a1d793620, 0x0000022a1d793d38]

GC Heap History (20 events):
Event: 14806.179 GC heap before
{Heap before GC invocations=1298 (full 1271):
 garbage-first heap   total 96256K, used 27822K [0x00000000c0000000, 0x0000000100000000)
  region size 1024K, 1 young (1024K), 0 survivors (0K)
 Metaspace       used 57599K, committed 58112K, reserved 1114112K
  class space    used 7113K, committed 7360K, reserved 1048576K
}
Event: 14806.208 GC heap after
{Heap after GC invocations=1299 (full 1272):
 garbage-first heap   total 96256K, used 27822K [0x00000000c0000000, 0x0000000100000000)
  region size 1024K, 0 young (0K), 0 survivors (0K)
 Metaspace       used 57599K, committed 58112K, reserved 1114112K
  class space    used 7113K, committed 7360K, reserved 1048576K
}
Event: 14816.712 GC heap before
{Heap before GC invocations=1299 (full 1272):
 garbage-first heap   total 96256K, used 27822K [0x00000000c0000000, 0x0000000100000000)
  region size 1024K, 1 young (1024K), 0 survivors (0K)
 Metaspace       used 57599K, committed 58112K, reserved 1114112K
  class space    used 7113K, committed 7360K, reserved 1048576K
}
Event: 14816.765 GC heap after
{Heap after GC invocations=1300 (full 1273):
 garbage-first heap   total 96256K, used 27822K [0x00000000c0000000, 0x0000000100000000)
  region size 1024K, 0 young (0K), 0 survivors (0K)
 Metaspace       used 57599K, committed 58112K, reserved 1114112K
  class space    used 7113K, committed 7360K, reserved 1048576K
}
Event: 14827.139 GC heap before
{Heap before GC invocations=1300 (full 1273):
 garbage-first heap   total 96256K, used 27822K [0x00000000c0000000, 0x0000000100000000)
  region size 1024K, 1 young (1024K), 0 survivors (0K)
 Metaspace       used 57599K, committed 58112K, reserved 1114112K
  class space    used 7113K, committed 7360K, reserved 1048576K
}
Event: 14827.684 GC heap after
{Heap after GC invocations=1301 (full 1274):
 garbage-first heap   total 96256K, used 27822K [0x00000000c0000000, 0x0000000100000000)
  region size 1024K, 0 young (0K), 0 survivors (0K)
 Metaspace       used 57599K, committed 58112K, reserved 1114112K
  class space    used 7113K, committed 7360K, reserved 1048576K
}
Event: 14838.095 GC heap before
{Heap before GC invocations=1301 (full 1274):
 garbage-first heap   total 96256K, used 27822K [0x00000000c0000000, 0x0000000100000000)
  region size 1024K, 1 young (1024K), 0 survivors (0K)
 Metaspace       used 57599K, committed 58112K, reserved 1114112K
  class space    used 7113K, committed 7360K, reserved 1048576K
}
Event: 14838.142 GC heap after
{Heap after GC invocations=1302 (full 1275):
 garbage-first heap   total 96256K, used 27822K [0x00000000c0000000, 0x0000000100000000)
  region size 1024K, 0 young (0K), 0 survivors (0K)
 Metaspace       used 57599K, committed 58112K, reserved 1114112K
  class space    used 7113K, committed 7360K, reserved 1048576K
}
Event: 14848.914 GC heap before
{Heap before GC invocations=1302 (full 1275):
 garbage-first heap   total 96256K, used 27822K [0x00000000c0000000, 0x0000000100000000)
  region size 1024K, 1 young (1024K), 0 survivors (0K)
 Metaspace       used 57599K, committed 58112K, reserved 1114112K
  class space    used 7113K, committed 7360K, reserved 1048576K
}
Event: 14848.982 GC heap after
{Heap after GC invocations=1303 (full 1276):
 garbage-first heap   total 96256K, used 27822K [0x00000000c0000000, 0x0000000100000000)
  region size 1024K, 0 young (0K), 0 survivors (0K)
 Metaspace       used 57599K, committed 58112K, reserved 1114112K
  class space    used 7113K, committed 7360K, reserved 1048576K
}
Event: 14859.230 GC heap before
{Heap before GC invocations=1303 (full 1276):
 garbage-first heap   total 96256K, used 27822K [0x00000000c0000000, 0x0000000100000000)
  region size 1024K, 1 young (1024K), 0 survivors (0K)
 Metaspace       used 57599K, committed 58112K, reserved 1114112K
  class space    used 7113K, committed 7360K, reserved 1048576K
}
Event: 14859.258 GC heap after
{Heap after GC invocations=1304 (full 1277):
 garbage-first heap   total 96256K, used 27822K [0x00000000c0000000, 0x0000000100000000)
  region size 1024K, 0 young (0K), 0 survivors (0K)
 Metaspace       used 57599K, committed 58112K, reserved 1114112K
  class space    used 7113K, committed 7360K, reserved 1048576K
}
Event: 14869.459 GC heap before
{Heap before GC invocations=1304 (full 1277):
 garbage-first heap   total 96256K, used 27822K [0x00000000c0000000, 0x0000000100000000)
  region size 1024K, 1 young (1024K), 0 survivors (0K)
 Metaspace       used 57599K, committed 58112K, reserved 1114112K
  class space    used 7113K, committed 7360K, reserved 1048576K
}
Event: 14869.487 GC heap after
{Heap after GC invocations=1305 (full 1278):
 garbage-first heap   total 96256K, used 27822K [0x00000000c0000000, 0x0000000100000000)
  region size 1024K, 0 young (0K), 0 survivors (0K)
 Metaspace       used 57599K, committed 58112K, reserved 1114112K
  class space    used 7113K, committed 7360K, reserved 1048576K
}
Event: 14879.723 GC heap before
{Heap before GC invocations=1305 (full 1278):
 garbage-first heap   total 96256K, used 27822K [0x00000000c0000000, 0x0000000100000000)
  region size 1024K, 1 young (1024K), 0 survivors (0K)
 Metaspace       used 57599K, committed 58112K, reserved 1114112K
  class space    used 7113K, committed 7360K, reserved 1048576K
}
Event: 14879.747 GC heap after
{Heap after GC invocations=1306 (full 1279):
 garbage-first heap   total 96256K, used 27822K [0x00000000c0000000, 0x0000000100000000)
  region size 1024K, 0 young (0K), 0 survivors (0K)
 Metaspace       used 57599K, committed 58112K, reserved 1114112K
  class space    used 7113K, committed 7360K, reserved 1048576K
}
Event: 14889.954 GC heap before
{Heap before GC invocations=1306 (full 1279):
 garbage-first heap   total 96256K, used 27822K [0x00000000c0000000, 0x0000000100000000)
  region size 1024K, 1 young (1024K), 0 survivors (0K)
 Metaspace       used 57599K, committed 58112K, reserved 1114112K
  class space    used 7113K, committed 7360K, reserved 1048576K
}
Event: 14889.982 GC heap after
{Heap after GC invocations=1307 (full 1280):
 garbage-first heap   total 96256K, used 27822K [0x00000000c0000000, 0x0000000100000000)
  region size 1024K, 0 young (0K), 0 survivors (0K)
 Metaspace       used 57599K, committed 58112K, reserved 1114112K
  class space    used 7113K, committed 7360K, reserved 1048576K
}
Event: 14900.261 GC heap before
{Heap before GC invocations=1307 (full 1280):
 garbage-first heap   total 96256K, used 27822K [0x00000000c0000000, 0x0000000100000000)
  region size 1024K, 1 young (1024K), 0 survivors (0K)
 Metaspace       used 57599K, committed 58112K, reserved 1114112K
  class space    used 7113K, committed 7360K, reserved 1048576K
}
Event: 14900.300 GC heap after
{Heap after GC invocations=1308 (full 1281):
 garbage-first heap   total 96256K, used 27822K [0x00000000c0000000, 0x0000000100000000)
  region size 1024K, 0 young (0K), 0 survivors (0K)
 Metaspace       used 57599K, committed 58112K, reserved 1114112K
  class space    used 7113K, committed 7360K, reserved 1048576K
}

Dll operation events (9 events):
Event: 0.012 Loaded shared library c:\Users\djroh\.vscode\extensions\redhat.java-1.25.1-win32-x64\jre\17.0.9-win32-x86_64\bin\java.dll
Event: 0.412 Loaded shared library C:\Users\djroh\.vscode\extensions\redhat.java-1.25.1-win32-x64\jre\17.0.9-win32-x86_64\bin\net.dll
Event: 0.424 Loaded shared library C:\Users\djroh\.vscode\extensions\redhat.java-1.25.1-win32-x64\jre\17.0.9-win32-x86_64\bin\nio.dll
Event: 0.440 Loaded shared library C:\Users\djroh\.vscode\extensions\redhat.java-1.25.1-win32-x64\jre\17.0.9-win32-x86_64\bin\zip.dll
Event: 1.011 Loaded shared library C:\Users\djroh\.vscode\extensions\redhat.java-1.25.1-win32-x64\jre\17.0.9-win32-x86_64\bin\jimage.dll
Event: 5.292 Loaded shared library c:\Users\djroh\.vscode\extensions\redhat.java-1.25.1-win32-x64\jre\17.0.9-win32-x86_64\bin\verify.dll
Event: 6.008 Loaded shared library C:\Users\djroh\.vscode\extensions\redhat.java-1.25.1-win32-x64\jre\17.0.9-win32-x86_64\bin\management.dll
Event: 6.014 Loaded shared library C:\Users\djroh\.vscode\extensions\redhat.java-1.25.1-win32-x64\jre\17.0.9-win32-x86_64\bin\management_ext.dll
Event: 7.714 Loaded shared library C:\Users\djroh\.vscode\extensions\redhat.java-1.25.1-win32-x64\jre\17.0.9-win32-x86_64\bin\sunmscapi.dll

Deoptimization events (20 events):
Event: 4.182 Thread 0x0000022a19e51ec0 DEOPT PACKING pc=0x0000022a1d043d55 sp=0x000000ef912fe950
Event: 4.182 Thread 0x0000022a19e51ec0 DEOPT UNPACKING pc=0x0000022a1cb37143 sp=0x000000ef912fddf8 mode 3
Event: 6.484 Thread 0x0000022a25c32880 DEOPT PACKING pc=0x0000022a1d2631b5 sp=0x000000ef935fe270
Event: 6.484 Thread 0x0000022a25c32880 DEOPT UNPACKING pc=0x0000022a1cb37143 sp=0x000000ef935fd788 mode 3
Event: 6.828 Thread 0x0000022a253ba140 DEOPT PACKING pc=0x0000022a1cf79001 sp=0x000000ef934fdb80
Event: 6.828 Thread 0x0000022a253ba140 DEOPT UNPACKING pc=0x0000022a1cb37143 sp=0x000000ef934fd010 mode 3
Event: 6.882 Thread 0x0000022a2ac628d0 DEOPT PACKING pc=0x0000022a1cf5a417 sp=0x000000ef937fec70
Event: 6.882 Thread 0x0000022a2ac628d0 DEOPT UNPACKING pc=0x0000022a1cb37143 sp=0x000000ef937fe0c8 mode 3
Event: 7.845 Thread 0x0000022a2a9ddf00 DEOPT PACKING pc=0x0000022a1cccc58c sp=0x000000ef93dfab00
Event: 7.845 Thread 0x0000022a2a9ddf00 DEOPT UNPACKING pc=0x0000022a1cb37143 sp=0x000000ef93df9fc8 mode 0
Event: 8.987 Thread 0x0000022a2ac628d0 DEOPT PACKING pc=0x0000022a1d49ce6e sp=0x000000ef937fd320
Event: 8.987 Thread 0x0000022a2ac628d0 DEOPT UNPACKING pc=0x0000022a1cb37143 sp=0x000000ef937fc818 mode 3
Event: 9.217 Thread 0x0000022a2ac628d0 DEOPT PACKING pc=0x0000022a1d5311cf sp=0x000000ef937fdc10
Event: 9.217 Thread 0x0000022a2ac628d0 DEOPT UNPACKING pc=0x0000022a1cb37143 sp=0x000000ef937fd100 mode 3
Event: 185.232 Thread 0x0000022a253ba140 DEOPT PACKING pc=0x0000022a1d0497d4 sp=0x000000ef934ff050
Event: 185.234 Thread 0x0000022a253ba140 DEOPT UNPACKING pc=0x0000022a1cb37143 sp=0x000000ef934fe4d8 mode 0
Event: 521.759 Thread 0x0000022a2ac628d0 DEOPT PACKING pc=0x0000022a1d0e3f20 sp=0x000000ef937fd940
Event: 521.761 Thread 0x0000022a2ac628d0 DEOPT UNPACKING pc=0x0000022a1cb37143 sp=0x000000ef937fcdc0 mode 3
Event: 2302.623 Thread 0x0000022a2ac628d0 DEOPT PACKING pc=0x0000022a1cc36b36 sp=0x000000ef937fd3e0
Event: 2302.626 Thread 0x0000022a2ac628d0 DEOPT UNPACKING pc=0x0000022a1cb37143 sp=0x000000ef937fc8d8 mode 3

Classes unloaded (20 events):
Event: 102.037 Thread 0x0000022a250b2580 Unloading class 0x0000000100095800 'java/lang/invoke/LambdaForm$MH+0x0000000100095800'
Event: 102.037 Thread 0x0000022a250b2580 Unloading class 0x0000000100095400 'java/lang/invoke/LambdaForm$MH+0x0000000100095400'
Event: 102.037 Thread 0x0000022a250b2580 Unloading class 0x0000000100095000 'java/lang/invoke/LambdaForm$MH+0x0000000100095000'
Event: 102.037 Thread 0x0000022a250b2580 Unloading class 0x0000000100094c00 'java/lang/invoke/LambdaForm$MH+0x0000000100094c00'
Event: 102.037 Thread 0x0000022a250b2580 Unloading class 0x0000000100094800 'java/lang/invoke/LambdaForm$MH+0x0000000100094800'
Event: 102.037 Thread 0x0000022a250b2580 Unloading class 0x0000000100094400 'java/lang/invoke/LambdaForm$MH+0x0000000100094400'
Event: 102.037 Thread 0x0000022a250b2580 Unloading class 0x000000010008e800 'java/lang/invoke/LambdaForm$MH+0x000000010008e800'
Event: 102.037 Thread 0x0000022a250b2580 Unloading class 0x000000010008e400 'java/lang/invoke/LambdaForm$MH+0x000000010008e400'
Event: 102.037 Thread 0x0000022a250b2580 Unloading class 0x000000010008e000 'java/lang/invoke/LambdaForm$MH+0x000000010008e000'
Event: 102.037 Thread 0x0000022a250b2580 Unloading class 0x000000010008dc00 'java/lang/invoke/LambdaForm$MH+0x000000010008dc00'
Event: 102.037 Thread 0x0000022a250b2580 Unloading class 0x000000010008d800 'java/lang/invoke/LambdaForm$MH+0x000000010008d800'
Event: 102.037 Thread 0x0000022a250b2580 Unloading class 0x000000010008d400 'java/lang/invoke/LambdaForm$MH+0x000000010008d400'
Event: 102.037 Thread 0x0000022a250b2580 Unloading class 0x000000010008cc00 'java/lang/invoke/LambdaForm$MH+0x000000010008cc00'
Event: 102.037 Thread 0x0000022a250b2580 Unloading class 0x000000010008c800 'java/lang/invoke/LambdaForm$MH+0x000000010008c800'
Event: 102.037 Thread 0x0000022a250b2580 Unloading class 0x000000010008c000 'java/lang/invoke/LambdaForm$MH+0x000000010008c000'
Event: 102.037 Thread 0x0000022a250b2580 Unloading class 0x000000010008bc00 'java/lang/invoke/LambdaForm$MH+0x000000010008bc00'
Event: 2380.354 Thread 0x0000022a250b2580 Unloading class 0x0000000100541000 'java/lang/invoke/LambdaForm$MH+0x0000000100541000'
Event: 2380.355 Thread 0x0000022a250b2580 Unloading class 0x0000000100541800 'java/lang/invoke/LambdaForm$MH+0x0000000100541800'
Event: 2380.355 Thread 0x0000022a250b2580 Unloading class 0x00000001005ac800 'java/lang/invoke/LambdaForm$MH+0x00000001005ac800'
Event: 2380.355 Thread 0x0000022a250b2580 Unloading class 0x00000001005ad000 'java/lang/invoke/LambdaForm$MH+0x00000001005ad000'

Classes redefined (0 events):
No events

Internal exceptions (20 events):
Event: 2423.268 Thread 0x0000022a2ac628d0 Exception <a 'sun/nio/fs/WindowsException'{0x00000000c3e08d08}> (0x00000000c3e08d08) 
thrown [s\src\hotspot\share\prims\jni.cpp, line 516]
Event: 2423.268 Thread 0x0000022a2ac628d0 Exception <a 'sun/nio/fs/WindowsException'{0x00000000c3e09928}> (0x00000000c3e09928) 
thrown [s\src\hotspot\share\prims\jni.cpp, line 516]
Event: 2423.270 Thread 0x0000022a2ac628d0 Exception <a 'sun/nio/fs/WindowsException'{0x00000000c3e0af88}> (0x00000000c3e0af88) 
thrown [s\src\hotspot\share\prims\jni.cpp, line 516]
Event: 2423.270 Thread 0x0000022a2ac628d0 Exception <a 'sun/nio/fs/WindowsException'{0x00000000c3e0ba70}> (0x00000000c3e0ba70) 
thrown [s\src\hotspot\share\prims\jni.cpp, line 516]
Event: 2423.270 Thread 0x0000022a2ac628d0 Exception <a 'sun/nio/fs/WindowsException'{0x00000000c3e0c628}> (0x00000000c3e0c628) 
thrown [s\src\hotspot\share\prims\jni.cpp, line 516]
Event: 2423.271 Thread 0x0000022a2ac628d0 Exception <a 'sun/nio/fs/WindowsException'{0x00000000c3e0d0c8}> (0x00000000c3e0d0c8) 
thrown [s\src\hotspot\share\prims\jni.cpp, line 516]
Event: 2423.271 Thread 0x0000022a2ac628d0 Exception <a 'sun/nio/fs/WindowsException'{0x00000000c3e0db68}> (0x00000000c3e0db68) 
thrown [s\src\hotspot\share\prims\jni.cpp, line 516]
Event: 2423.272 Thread 0x0000022a2ac628d0 Exception <a 'sun/nio/fs/WindowsException'{0x00000000c3e0e788}> (0x00000000c3e0e788) 
thrown [s\src\hotspot\share\prims\jni.cpp, line 516]
Event: 2473.733 Thread 0x0000022a2ac628d0 Exception <a 'sun/nio/fs/WindowsException'{0x00000000c3e81560}> (0x00000000c3e81560) 
thrown [s\src\hotspot\share\prims\jni.cpp, line 516]
Event: 2473.734 Thread 0x0000022a2ac628d0 Exception <a 'sun/nio/fs/WindowsException'{0x00000000c3e82060}> (0x00000000c3e82060) 
thrown [s\src\hotspot\share\prims\jni.cpp, line 516]
Event: 2473.734 Thread 0x0000022a2ac628d0 Exception <a 'sun/nio/fs/WindowsException'{0x00000000c3e82c40}> (0x00000000c3e82c40) 
thrown [s\src\hotspot\share\prims\jni.cpp, line 516]
Event: 2473.735 Thread 0x0000022a2ac628d0 Exception <a 'sun/nio/fs/WindowsException'{0x00000000c3e83728}> (0x00000000c3e83728) 
thrown [s\src\hotspot\share\prims\jni.cpp, line 516]
Event: 2473.735 Thread 0x0000022a2ac628d0 Exception <a 'sun/nio/fs/WindowsException'{0x00000000c3e84210}> (0x00000000c3e84210) 
thrown [s\src\hotspot\share\prims\jni.cpp, line 516]
Event: 2473.735 Thread 0x0000022a2ac628d0 Exception <a 'sun/nio/fs/WindowsException'{0x00000000c3e84e78}> (0x00000000c3e84e78) 
thrown [s\src\hotspot\share\prims\jni.cpp, line 516]
Event: 2473.736 Thread 0x0000022a2ac628d0 Exception <a 'sun/nio/fs/WindowsException'{0x00000000c3e86500}> (0x00000000c3e86500) 
thrown [s\src\hotspot\share\prims\jni.cpp, line 516]
Event: 2473.736 Thread 0x0000022a2ac628d0 Exception <a 'sun/nio/fs/WindowsException'{0x00000000c3e87000}> (0x00000000c3e87000) 
thrown [s\src\hotspot\share\prims\jni.cpp, line 516]
Event: 2473.736 Thread 0x0000022a2ac628d0 Exception <a 'sun/nio/fs/WindowsException'{0x00000000c3e87be0}> (0x00000000c3e87be0) 
thrown [s\src\hotspot\share\prims\jni.cpp, line 516]
Event: 2473.736 Thread 0x0000022a2ac628d0 Exception <a 'sun/nio/fs/WindowsException'{0x00000000c3e886c8}> (0x00000000c3e886c8) 
thrown [s\src\hotspot\share\prims\jni.cpp, line 516]
Event: 2473.736 Thread 0x0000022a2ac628d0 Exception <a 'sun/nio/fs/WindowsException'{0x00000000c3e891b0}> (0x00000000c3e891b0) 
thrown [s\src\hotspot\share\prims\jni.cpp, line 516]
Event: 2473.736 Thread 0x0000022a2ac628d0 Exception <a 'sun/nio/fs/WindowsException'{0x00000000c3e89e18}> (0x00000000c3e89e18) 
thrown [s\src\hotspot\share\prims\jni.cpp, line 516]

VM Operations (20 events):
Event: 14806.208 Executing VM operation: G1CollectFull done
Event: 14816.712 Executing VM operation: G1CollectFull
Event: 14816.765 Executing VM operation: G1CollectFull done
Event: 14827.124 Executing VM operation: G1CollectFull
Event: 14827.685 Executing VM operation: G1CollectFull done
Event: 14838.095 Executing VM operation: G1CollectFull
Event: 14838.143 Executing VM operation: G1CollectFull done
Event: 14848.914 Executing VM operation: G1CollectFull
Event: 14848.982 Executing VM operation: G1CollectFull done
Event: 14859.229 Executing VM operation: G1CollectFull
Event: 14859.258 Executing VM operation: G1CollectFull done
Event: 14869.459 Executing VM operation: G1CollectFull
Event: 14869.487 Executing VM operation: G1CollectFull done
Event: 14879.723 Executing VM operation: G1CollectFull
Event: 14879.747 Executing VM operation: G1CollectFull done
Event: 14889.953 Executing VM operation: G1CollectFull
Event: 14889.982 Executing VM operation: G1CollectFull done
Event: 14900.260 Executing VM operation: G1CollectFull
Event: 14900.300 Executing VM operation: G1CollectFull done
Event: 14910.346 Executing VM operation: G1CollectFull

Events (20 events):
Event: 2294.083 Thread 0x0000022a2b790120 Thread added: 0x0000022a2b790120
Event: 2296.286 Thread 0x0000022a2b78e7d0 Thread added: 0x0000022a2b78e7d0
Event: 2302.090 Thread 0x0000022a2b65d7e0 Thread added: 0x0000022a2b65d7e0
Event: 2308.619 Thread 0x0000022a2b65d7e0 Thread exited: 0x0000022a2b65d7e0
Event: 2315.891 Thread 0x0000022a2b78f700 Thread exited: 0x0000022a2b78f700
Event: 2362.990 Thread 0x0000022a2b78fc10 Thread exited: 0x0000022a2b78fc10
Event: 2419.066 Thread 0x0000022a2b794800 Thread added: 0x0000022a2b794800
Event: 2419.508 Thread 0x0000022a2b78d390 Thread added: 0x0000022a2b78d390
Event: 2435.890 Thread 0x0000022a2b78d390 Thread exited: 0x0000022a2b78d390
Event: 2473.097 Thread 0x0000022a2b791050 Thread added: 0x0000022a2b791050
Event: 2485.924 Thread 0x0000022a2b791050 Thread exited: 0x0000022a2b791050
Event: 2532.652 Thread 0x0000022a2b794800 Thread exited: 0x0000022a2b794800
Event: 4341.577 Thread 0x0000022a2bad3e40 Thread added: 0x0000022a2bad3e40
Event: 4348.636 Thread 0x0000022a2bad3e40 Thread exited: 0x0000022a2bad3e40
Event: 4602.238 Thread 0x0000022a2bae9560 Thread added: 0x0000022a2bae9560
Event: 4607.255 Thread 0x0000022a2bae9560 Thread exited: 0x0000022a2bae9560
Event: 7038.328 Thread 0x0000022a2a0c08b0 Thread added: 0x0000022a2a0c08b0
Event: 7038.332 Thread 0x0000022a2bae9560 Thread added: 0x0000022a2bae9560
Event: 7043.377 Thread 0x0000022a2a0c08b0 Thread exited: 0x0000022a2a0c08b0
Event: 7043.379 Thread 0x0000022a2bae9560 Thread exited: 0x0000022a2bae9560


Dynamic libraries:
0x00007ff65f730000 - 0x00007ff65f73e000 	c:\Users\djroh\.vscode\extensions\redhat.java-1.25.1-win32-x64\jre\17.0.9-win32-x86_64\bin\java.exe
0x00007ff9290b0000 - 0x00007ff9292c7000 	C:\WINDOWS\SYSTEM32\ntdll.dll
0x00007ff927e00000 - 0x00007ff927ec4000 	C:\WINDOWS\System32\KERNEL32.DLL
0x00007ff926770000 - 0x00007ff926b15000 	C:\WINDOWS\System32\KERNELBASE.dll
0x00007ff926bd0000 - 0x00007ff926ce1000 	C:\WINDOWS\System32\ucrtbase.dll
0x00007ff8eb3e0000 - 0x00007ff8eb3fb000 	c:\Users\djroh\.vscode\extensions\redhat.java-1.25.1-win32-x64\jre\17.0.9-win32-x86_64\bin\VCRUNTIME140.dll
0x00007ff8ed6c0000 - 0x00007ff8ed6d7000 	c:\Users\djroh\.vscode\extensions\redhat.java-1.25.1-win32-x64\jre\17.0.9-win32-x86_64\bin\jli.dll
0x00007ff928ca0000 - 0x00007ff928e4e000 	C:\WINDOWS\System32\USER32.dll
0x00007ff926b20000 - 0x00007ff926b46000 	C:\WINDOWS\System32\win32u.dll
0x00007ff90c9c0000 - 0x00007ff90cc53000 	C:\WINDOWS\WinSxS\amd64_microsoft.windows.common-controls_6595b64144ccf1df_6.0.23550.1000_none_ec600b48fd02546a\COMCTL32.dll
0x00007ff928fe0000 - 0x00007ff929009000 	C:\WINDOWS\System32\GDI32.dll
0x00007ff928750000 - 0x00007ff9287f7000 	C:\WINDOWS\System32\msvcrt.dll
0x00007ff926cf0000 - 0x00007ff926e09000 	C:\WINDOWS\System32\gdi32full.dll
0x00007ff926560000 - 0x00007ff9265fa000 	C:\WINDOWS\System32\msvcp_win.dll
0x00007ff928c60000 - 0x00007ff928c91000 	C:\WINDOWS\System32\IMM32.DLL
0x00007ff908d70000 - 0x00007ff908d7c000 	c:\Users\djroh\.vscode\extensions\redhat.java-1.25.1-win32-x64\jre\17.0.9-win32-x86_64\bin\vcruntime140_1.dll
0x00007ff8de180000 - 0x00007ff8de20d000 	c:\Users\djroh\.vscode\extensions\redhat.java-1.25.1-win32-x64\jre\17.0.9-win32-x86_64\bin\msvcp140.dll
0x00007ff8c00b0000 - 0x00007ff8c0d11000 	c:\Users\djroh\.vscode\extensions\redhat.java-1.25.1-win32-x64\jre\17.0.9-win32-x86_64\bin\server\jvm.dll
0x00007ff928030000 - 0x00007ff9280e0000 	C:\WINDOWS\System32\ADVAPI32.dll
0x00007ff9280e0000 - 0x00007ff928186000 	C:\WINDOWS\System32\sechost.dll
0x00007ff928b40000 - 0x00007ff928c57000 	C:\WINDOWS\System32\RPCRT4.dll
0x00007ff926150000 - 0x00007ff92619d000 	C:\WINDOWS\SYSTEM32\POWRPROF.dll
0x00007ff90e250000 - 0x00007ff90e259000 	C:\WINDOWS\SYSTEM32\WSOCK32.dll
0x00007ff91e750000 - 0x00007ff91e784000 	C:\WINDOWS\SYSTEM32\WINMM.dll
0x00007ff91b290000 - 0x00007ff91b29a000 	C:\WINDOWS\SYSTEM32\VERSION.dll
0x00007ff927290000 - 0x00007ff927301000 	C:\WINDOWS\System32\WS2_32.dll
0x00007ff926130000 - 0x00007ff926143000 	C:\WINDOWS\SYSTEM32\UMPDC.dll
0x00007ff925320000 - 0x00007ff925338000 	C:\WINDOWS\SYSTEM32\kernel.appcore.dll
0x00007ff907430000 - 0x00007ff90743a000 	c:\Users\djroh\.vscode\extensions\redhat.java-1.25.1-win32-x64\jre\17.0.9-win32-x86_64\bin\jimage.dll
0x00007ff91e2c0000 - 0x00007ff91e4ee000 	C:\WINDOWS\SYSTEM32\DBGHELP.DLL
0x00007ff9283c0000 - 0x00007ff92874a000 	C:\WINDOWS\System32\combase.dll
0x00007ff9273e0000 - 0x00007ff9274b7000 	C:\WINDOWS\System32\OLEAUT32.dll
0x00007ff9105b0000 - 0x00007ff9105e2000 	C:\WINDOWS\SYSTEM32\dbgcore.DLL
0x00007ff926b50000 - 0x00007ff926bca000 	C:\WINDOWS\System32\bcryptPrimitives.dll
0x00007ff8e9620000 - 0x00007ff8e9645000 	c:\Users\djroh\.vscode\extensions\redhat.java-1.25.1-win32-x64\jre\17.0.9-win32-x86_64\bin\java.dll
0x00007ff8ea510000 - 0x00007ff8ea528000 	c:\Users\djroh\.vscode\extensions\redhat.java-1.25.1-win32-x64\jre\17.0.9-win32-x86_64\bin\zip.dll
0x00007ff9275a0000 - 0x00007ff927df3000 	C:\WINDOWS\System32\SHELL32.dll
0x00007ff924330000 - 0x00007ff924c3f000 	C:\WINDOWS\SYSTEM32\windows.storage.dll
0x00007ff9241f0000 - 0x00007ff92432e000 	C:\WINDOWS\SYSTEM32\wintypes.dll
0x00007ff928800000 - 0x00007ff9288f3000 	C:\WINDOWS\System32\SHCORE.dll
0x00007ff927fd0000 - 0x00007ff92802e000 	C:\WINDOWS\System32\shlwapi.dll
0x00007ff926360000 - 0x00007ff926386000 	C:\WINDOWS\SYSTEM32\profapi.dll
0x00007ff8e9600000 - 0x00007ff8e9619000 	C:\Users\djroh\.vscode\extensions\redhat.java-1.25.1-win32-x64\jre\17.0.9-win32-x86_64\bin\net.dll
0x00007ff91f400000 - 0x00007ff91f537000 	C:\WINDOWS\SYSTEM32\WINHTTP.dll
0x00007ff9258c0000 - 0x00007ff925929000 	C:\WINDOWS\system32\mswsock.dll
0x00007ff8e75e0000 - 0x00007ff8e75f6000 	C:\Users\djroh\.vscode\extensions\redhat.java-1.25.1-win32-x64\jre\17.0.9-win32-x86_64\bin\nio.dll
0x00007ff925b30000 - 0x00007ff925b4b000 	C:\WINDOWS\SYSTEM32\CRYPTSP.dll
0x00007ff9253b0000 - 0x00007ff9253e5000 	C:\WINDOWS\system32\rsaenh.dll
0x00007ff9259d0000 - 0x00007ff9259fc000 	C:\WINDOWS\SYSTEM32\USERENV.dll
0x00007ff925d60000 - 0x00007ff925d88000 	C:\WINDOWS\SYSTEM32\bcrypt.dll
0x00007ff925b50000 - 0x00007ff925b5c000 	C:\WINDOWS\SYSTEM32\CRYPTBASE.dll
0x00007ff924ea0000 - 0x00007ff924ecd000 	C:\WINDOWS\SYSTEM32\IPHLPAPI.DLL
0x00007ff9283a0000 - 0x00007ff9283a9000 	C:\WINDOWS\System32\NSI.dll
0x00007ff91f540000 - 0x00007ff91f559000 	C:\WINDOWS\SYSTEM32\dhcpcsvc6.DLL
0x00007ff91f390000 - 0x00007ff91f3af000 	C:\WINDOWS\SYSTEM32\dhcpcsvc.DLL
0x00007ff924f10000 - 0x00007ff925003000 	C:\WINDOWS\SYSTEM32\DNSAPI.dll
0x00007ff906f60000 - 0x00007ff906f70000 	c:\Users\djroh\.vscode\extensions\redhat.java-1.25.1-win32-x64\jre\17.0.9-win32-x86_64\bin\verify.dll
0x00007ff9059c0000 - 0x00007ff9059c9000 	C:\Users\djroh\.vscode\extensions\redhat.java-1.25.1-win32-x64\jre\17.0.9-win32-x86_64\bin\management.dll
0x00007ff904430000 - 0x00007ff90443b000 	C:\Users\djroh\.vscode\extensions\redhat.java-1.25.1-win32-x64\jre\17.0.9-win32-x86_64\bin\management_ext.dll
0x00007ff928e50000 - 0x00007ff928e58000 	C:\WINDOWS\System32\PSAPI.DLL
0x00007ff9203a0000 - 0x00007ff9203ae000 	C:\Users\djroh\.vscode\extensions\redhat.java-1.25.1-win32-x64\jre\17.0.9-win32-x86_64\bin\sunmscapi.dll
0x00007ff926600000 - 0x00007ff926767000 	C:\WINDOWS\System32\CRYPT32.dll
0x00007ff925cc0000 - 0x00007ff925cee000 	C:\WINDOWS\SYSTEM32\ncrypt.dll
0x00007ff925c80000 - 0x00007ff925cb7000 	C:\WINDOWS\SYSTEM32\NTASN1.dll
0x00007ff91f770000 - 0x00007ff91f77a000 	C:\Windows\System32\rasadhlp.dll
0x00007ff91d520000 - 0x00007ff91d5a4000 	C:\WINDOWS\System32\fwpuclnt.dll

dbghelp: loaded successfully - version: 4.0.5 - missing functions: none
symbol engine: initialized successfully - sym options: 0x614 - pdb path: .;c:\Users\djroh\.vscode\extensions\redhat.java-1.25.1-win32-x64\jre\17.0.9-win32-x86_64\bin;C:\WINDOWS\SYSTEM32;C:\WINDOWS\WinSxS\amd64_microsoft.windows.common-controls_6595b64144ccf1df_6.0.23550.1000_none_ec600b48fd02546a;c:\Users\djroh\.vscode\extensions\redhat.java-1.25.1-win32-x64\jre\17.0.9-win32-x86_64\bin\server

VM Arguments:
jvm_args: -XX:+HeapDumpOnOutOfMemoryError -Xmx1024m -Dsts.lsp.client=vscode -Dsts.log.file=/dev/null -XX:TieredStopAtLevel=1 -Xlog:jni+resolve=off -Dspring.config.location=file:c:\Users\djroh\.vscode\extensions\vmware.vscode-spring-boot-1.51.0\language-server\BOOT-INF\classes\application.properties 
java_command: org.springframework.ide.vscode.boot.app.BootLanguageServerBootApp
java_class_path (initial): c:\Users\djroh\.vscode\extensions\vmware.vscode-spring-boot-1.51.0\language-server\BOOT-INF\classes;c:\Users\djroh\.vscode\extensions\vmware.vscode-spring-boot-1.51.0\language-server\BOOT-INF\lib\annotations-24.1.0.jar;c:\Users\djroh\.vscode\extensions\vmware.vscode-spring-boot-1.51.0\language-server\BOOT-INF\lib\antlr-runtime-3.5.3.jar;c:\Users\djroh\.vscode\extensions\vmware.vscode-spring-boot-1.51.0\language-server\BOOT-INF\lib\antlr4-4.11.1.jar;c:\Users\djroh\.vscode\extensions\vmware.vscode-spring-boot-1.51.0\language-server\BOOT-INF\lib\antlr4-runtime-4.11.1.jar;c:\Users\djroh\.vscode\extensions\vmware.vscode-spring-boot-1.51.0\language-server\BOOT-INF\lib\asm-9.6.jar;c:\Users\djroh\.vscode\extensions\vmware.vscode-spring-boot-1.51.0\language-server\BOOT-INF\lib\asm-analysis-9.6.jar;c:\Users\djroh\.vscode\extensions\vmware.vscode-spring-boot-1.51.0\language-server\BOOT-INF\lib\asm-tree-9.6.jar;c:\Users\djroh\.vscode\extensions\vmware.vscode-spring-boot-1.51.0\language-server\BOOT-INF\lib\asm-util-9.6.jar;c:\Users\djroh\.vscode\extensions\vmware.vscode-spring-boot-1.51.0\language-server\BOOT-INF\lib\bosh-language-server-1.51.0-SNAPSHOT.jar;c:\Users\djroh\.vscode\extensions\vmware.vscode-spring-boot-1.51.0\language-server\BOOT-INF\lib\caffeine-3.1.8.jar;c:\Users\djroh\.vscode\extensions\vmware.vscode-spring-boot-1.51.0\language-server\BOOT-INF\lib\checker-qual-3.12.0.jar;c:\Users\djroh\.vscode\extensions\vmware.vscode-spring-boot-1.51.0\language-server\BOOT-INF\lib\classgraph-4.8.149.jar;c:\Users\djroh\.vscode\extensions\vmware.vscode-spring-boot-1.51.0\language-server\BOOT-INF\lib\commons-codec-1.15.jar;c:\Users\djroh\.vscode\extensions\vmware.vscode-spring-boot-1.51.0\language-server\BOOT-INF\lib\commons-compress-1.25.0.jar;c:\Users\djroh\.vscode\extensions\vmware.vscode-spring-boot-1.51.0\language-server\BOOT-INF\lib\commons-io-2.4.jar;c:\Users\djroh\.vscode\extensions\vmware.vscode-spring-boot-1.51.0\language-server\BOOT-INF\lib\
Launcher Type: SUN_STANDARD

[Global flags]
     intx CICompilerCount                          = 4                                         {product} {ergonomic}
     uint ConcGCThreads                            = 3                                         {product} {ergonomic}
     uint G1ConcRefinementThreads                  = 10                                        {product} {ergonomic}
   size_t G1HeapRegionSize                         = 1048576                                   {product} {ergonomic}
    uintx GCDrainStackTargetSize                   = 64                                        {product} {ergonomic}
     bool HeapDumpOnOutOfMemoryError               = true                                   {manageable} {command line}
   size_t InitialHeapSize                          = 125829120                                 {product} {ergonomic}
   size_t MarkStackSize                            = 4194304                                   {product} {ergonomic}
   size_t MaxHeapSize                              = 1073741824                                {product} {command line}
   size_t MaxNewSize                               = 643825664                                 {product} {ergonomic}
   size_t MinHeapDeltaBytes                        = 1048576                                   {product} {ergonomic}
   size_t MinHeapSize                              = 8388608                                   {product} {ergonomic}
    uintx NonProfiledCodeHeapSize                  = 0                                      {pd product} {ergonomic}
     bool ProfileInterpreter                       = false                                  {pd product} {command line}
    uintx ProfiledCodeHeapSize                     = 0                                      {pd product} {ergonomic}
   size_t SoftMaxHeapSize                          = 1073741824                             {manageable} {ergonomic}
     intx TieredStopAtLevel                        = 1                                         {product} {command line}
     bool UseCompressedClassPointers               = true                           {product lp64_product} {ergonomic}
     bool UseCompressedOops                        = true                           {product lp64_product} {ergonomic}
     bool UseG1GC                                  = true                                      {product} {ergonomic}
     bool UseLargePagesIndividualAllocation        = false                                  {pd product} {ergonomic}

Logging:
Log output configuration:
 #0: stdout all=warning,jni+resolve=off uptime,level,tags
 #1: stderr all=off uptime,level,tags

Environment Variables:
PATH=C:\Program Files\Common Files\Oracle\Java\javapath;C:\Python311\Scripts\;C:\Python311\;C:\WINDOWS\system32;C:\WINDOWS;C:\WINDOWS\System32\Wbem;C:\WINDOWS\System32\WindowsPowerShell\v1.0\;C:\WINDOWS\System32\OpenSSH\;C:\ProgramData\chocolatey\bin;C:\Program Files\Git\cmd;C:\xampp\php;C:\ProgramData\ComposerSetup\bin;C:\Program Files (x86)\Yarn\bin\;C:\Program Files\dotnet\;C:\xampp\mysql\bin;;C:\Program Files\nodejs\;C:\Program Files\GitHub CLI\;C:\Program Files\Docker\Docker\resources\bin;C:\Users\djroh\AppData\Local\Microsoft\WindowsApps;C:\Users\djroh\AppData\Local\Programs\Microsoft VS Code\bin;C:\Users\djroh\AppData\Roaming\Composer\vendor\bin;C:\Users\djroh\AppData\Local\Yarn\bin;C:\Users\djroh\AppData\Local\Programs\oh-my-posh\bin;C:\Program Files\JetBrains\IntelliJ IDEA 2023.1\bin;;C:\src\flutter\bin;C:\Users\djroh\AppData\Roaming\npm
USERNAME=rwb
OS=Windows_NT
PROCESSOR_IDENTIFIER=AMD64 Family 23 Model 96 Stepping 1, AuthenticAMD
TMP=C:\Users\djroh\AppData\Local\Temp
TEMP=C:\Users\djroh\AppData\Local\Temp



Periodic native trim disabled


---------------  S Y S T E M  ---------------

OS:
 Windows 11 , 64 bit Build 23550 (10.0.23550.1000)
OS uptime: 4 days 2:31 hours
Hyper-V role detected

CPU: total 12 (initial active 12) (12 cores per cpu, 2 threads per core) family 23 model 96 stepping 1 microcode 0x0, cx8, cmov, fxsr, ht, mmx, 3dnowpref, sse, sse2, sse3, ssse3, sse4a, sse4.1, sse4.2, popcnt, lzcnt, tsc, tscinvbit, avx, avx2, aes, clmul, bmi1, bmi2, adx, sha, fma, vzeroupper, clflush, clflushopt, hv
Processor Information for all 12 processors :
  Max Mhz: 3000, Current Mhz: 3000, Mhz Limit: 3000

Memory: 4k page, system-wide physical 7579M (492M free)
TotalPageFile size 31131M (AvailPageFile size 7M)
current process WorkingSet (physical memory assigned to process): 58M, peak: 234M
current process commit charge ("private bytes"): 270M, peak: 295M

vm_info: OpenJDK 64-Bit Server VM (17.0.9+9) for windows-amd64 JRE (17.0.9+9), built on Oct 26 2023 14:01:42 by "admin" with MS VC++ 16.10 / 16.11 (VS2019)

END.
